This is pdfTeX, Version 3.14159265-2.6-1.40.21 (TeX Live 2020) (preloaded format=pdflatex 2020.9.4)  21 JUN 2021 12:21
entering extended mode
 restricted \write18 enabled.
 file:line:error style messages enabled.
 %&-line parsing enabled.
**baseABModelCOVID-19Diffusion.tex
(./baseABModelCOVID-19Diffusion.tex
LaTeX2e <2020-02-02> patch level 5
L3 programming layer <2020-03-06> (./svmult.cls
Document Class: svmult 2018/01/11 v5.5 
Springer Verlag global LaTeX document class for multi authored books
Class Springer-SVMult Info: extra/valid Springer sub-package 
(Springer-SVMult)           not found in option list - using "global" style.
(/usr/local/texlive/2020/texmf-dist/tex/latex/base/article.cls
Document Class: article 2019/12/20 v1.4l Standard LaTeX document class
(/usr/local/texlive/2020/texmf-dist/tex/latex/base/size10.clo
File: size10.clo 2019/12/20 v1.4l Standard LaTeX file (size option)
)
\c@part=\count167
\c@section=\count168
\c@subsection=\count169
\c@subsubsection=\count170
\c@paragraph=\count171
\c@subparagraph=\count172
\c@figure=\count173
\c@table=\count174
\abovecaptionskip=\skip47
\belowcaptionskip=\skip48
\bibindent=\dimen134
)
\svparindent=\dimen135
\bibindent=\dimen136
\betweenumberspace=\dimen137
\headlineindent=\dimen138
\minitoc=\write3
\c@minitocdepth=\count175
\c@chapter=\count176
\mottowidth=\dimen139
\svitemindent=\dimen140
\verbatimindent=\dimen141
LaTeX Font Info:    Redeclaring math symbol \Gamma on input line 971.
LaTeX Font Info:    Redeclaring math symbol \Delta on input line 972.
LaTeX Font Info:    Redeclaring math symbol \Theta on input line 973.
LaTeX Font Info:    Redeclaring math symbol \Lambda on input line 974.
LaTeX Font Info:    Redeclaring math symbol \Xi on input line 975.
LaTeX Font Info:    Redeclaring math symbol \Pi on input line 976.
LaTeX Font Info:    Redeclaring math symbol \Sigma on input line 977.
LaTeX Font Info:    Redeclaring math symbol \Upsilon on input line 978.
LaTeX Font Info:    Redeclaring math symbol \Phi on input line 979.
LaTeX Font Info:    Redeclaring math symbol \Psi on input line 980.
LaTeX Font Info:    Redeclaring math symbol \Omega on input line 981.
\tocchpnum=\dimen142
\tocsecnum=\dimen143
\tocsectotal=\dimen144
\tocsubsecnum=\dimen145
\tocsubsectotal=\dimen146
\tocsubsubsecnum=\dimen147
\tocsubsubsectotal=\dimen148
\tocparanum=\dimen149
\tocparatotal=\dimen150
\tocsubparanum=\dimen151
\foot@parindent=\dimen152
\spthmsep=\dimen153
\c@theorem=\count177
\c@case=\count178
\c@conjecture=\count179
\c@corollary=\count180
\c@definition=\count181
\c@example=\count182
\c@exercise=\count183
\c@lemma=\count184
\c@note=\count185
\c@problem=\count186
\c@property=\count187
\c@proposition=\count188
\c@question=\count189
\c@solution=\count190
\c@remark=\count191
\c@prob=\count192
\instindent=\dimen154
\figgap=\dimen155
\bildb@x=\box45
\figcapgap=\dimen156
\tabcapgap=\dimen157
\c@merk=\count193
\c@@inst=\count194
\c@@auth=\count195
\c@auco=\count196
\instindent=\dimen158
\authrun=\box46
\authorrunning=\toks15
\tocauthor=\toks16
\titrun=\box47
\titlerunning=\toks17
\toctitle=\toks18
\c@contribution=\count197
LaTeX Info: Redefining \abstract on input line 2329.

(/usr/local/texlive/2020/texmf-dist/tex/latex/xcolor/xcolor.sty
Package: xcolor 2016/05/11 v2.12 LaTeX color extensions (UK)

(/usr/local/texlive/2020/texmf-dist/tex/latex/graphics-cfg/color.cfg
File: color.cfg 2016/01/02 v1.6 sample color configuration
)
Package xcolor Info: Driver file: pdftex.def on input line 225.

(/usr/local/texlive/2020/texmf-dist/tex/latex/graphics-def/pdftex.def
File: pdftex.def 2018/01/08 v1.0l Graphics/color driver for pdftex
)
Package xcolor Info: Model `cmy' substituted by `cmy0' on input line 1348.
Package xcolor Info: Model `hsb' substituted by `rgb' on input line 1352.
Package xcolor Info: Model `RGB' extended on input line 1364.
Package xcolor Info: Model `HTML' substituted by `rgb' on input line 1366.
Package xcolor Info: Model `Hsb' substituted by `hsb' on input line 1367.
Package xcolor Info: Model `tHsb' substituted by `hsb' on input line 1368.
Package xcolor Info: Model `HSB' substituted by `hsb' on input line 1369.
Package xcolor Info: Model `Gray' substituted by `gray' on input line 1370.
Package xcolor Info: Model `wave' substituted by `hsb' on input line 1371.

(/usr/local/texlive/2020/texmf-dist/tex/latex/xcolor/x11nam.def
File: x11nam.def 2016/05/11 v2.12 Predefined colors according to Unix/X11 (UK)
))
(/usr/local/texlive/2020/texmf-dist/tex/latex/ntheorem/ntheorem.sty
Style `ntheorem', Version 1.33 <2011/08/15>
Package: ntheorem 2011/08/15 1.33
(/usr/local/texlive/2020/texmf-dist/tex/latex/base/ifthen.sty
Package: ifthen 2014/09/29 v1.1c Standard LaTeX ifthen package (DPC)
)
\theorem@style=\toks19
\theorem@@style=\toks20
\theorembodyfont=\toks21
\theoremnumbering=\toks22
\theorempreskipamount=\skip49
\theorempostskipamount=\skip50
\theoremframepreskipamount=\skip51
\theoremframepostskipamount=\skip52
\theoreminframepreskipamount=\skip53
\theoreminframepostskipamount=\skip54
\theorem@preskip=\toks23
\theorem@postskip=\toks24
\theorem@framepreskip=\toks25
\theorem@framepostskip=\toks26
\theorem@inframepreskip=\toks27
\theorem@inframepostskip=\toks28
\theoremindent=\dimen159
\theorem@indent=\dimen160
\theoremrightindent=\dimen161
\theorem@rightindent=\dimen162
\theoremheaderfont=\toks29
\theoremseparator=\toks30
\theoremprework=\toks31
\theorempostwork=\toks32
\theoremsymbol=\toks33
\qedsymbol=\toks34
\theoremkeyword=\toks35
\qedsymbol=\toks36
\thm@topsep=\skip55
\thm@topsepadd=\skip56
Package ntheorem Info: Option `thmmarks' loaded on input line 1175.
\c@endNonectr=\count198
\c@currNonectr=\count199
\mysavskip=\skip57
Package ntheorem Info: Option `thref' loaded on input line 1175.
\mysavskip=\skip58
)
\c@currproofctr=\count266
\c@endproofctr=\count267
\c@proof=\count268
)
(/usr/local/texlive/2020/texmf-dist/tex/latex/framed/framed.sty
Package: framed 2011/10/22 v 0.96: framed or shaded text with page breaks
\OuterFrameSep=\skip59
\fb@frw=\dimen163
\fb@frh=\dimen164
\FrameRule=\dimen165
\FrameSep=\dimen166
)
(/usr/local/texlive/2020/texmf-dist/tex/latex/type1cm/type1cm.sty
Package: type1cm 2002/09/05 v0.04 BlueSky/Y&Y Type1 CM font definitions (DPC, p
atched RF)
)
(/usr/local/texlive/2020/texmf-dist/tex/latex/base/makeidx.sty
Package: makeidx 2014/09/29 v1.0m Standard LaTeX package
)
(/usr/local/texlive/2020/texmf-dist/tex/latex/graphics/graphicx.sty
Package: graphicx 2019/11/30 v1.2a Enhanced LaTeX Graphics (DPC,SPQR)

(/usr/local/texlive/2020/texmf-dist/tex/latex/graphics/keyval.sty
Package: keyval 2014/10/28 v1.15 key=value parser (DPC)
\KV@toks@=\toks37
)
(/usr/local/texlive/2020/texmf-dist/tex/latex/graphics/graphics.sty
Package: graphics 2019/11/30 v1.4a Standard LaTeX Graphics (DPC,SPQR)

(/usr/local/texlive/2020/texmf-dist/tex/latex/graphics/trig.sty
Package: trig 2016/01/03 v1.10 sin cos tan (DPC)
)
(/usr/local/texlive/2020/texmf-dist/tex/latex/graphics-cfg/graphics.cfg
File: graphics.cfg 2016/06/04 v1.11 sample graphics configuration
)
Package graphics Info: Driver file: pdftex.def on input line 105.
)
\Gin@req@height=\dimen167
\Gin@req@width=\dimen168
)
(/usr/local/texlive/2020/texmf-dist/tex/latex/tools/multicol.sty
Package: multicol 2019/12/09 v1.8y multicolumn formatting (FMi)
\c@tracingmulticols=\count269
\mult@box=\box48
\multicol@leftmargin=\dimen169
\c@unbalance=\count270
\c@collectmore=\count271
\doublecol@number=\count272
\multicoltolerance=\count273
\multicolpretolerance=\count274
\full@width=\dimen170
\page@free=\dimen171
\premulticols=\dimen172
\postmulticols=\dimen173
\multicolsep=\skip60
\multicolbaselineskip=\skip61
\partial@page=\box49
\last@line=\box50
\maxbalancingoverflow=\dimen174
\mult@rightbox=\box51
\mult@grightbox=\box52
\mult@gfirstbox=\box53
\mult@firstbox=\box54
\@tempa=\box55
\@tempa=\box56
\@tempa=\box57
\@tempa=\box58
\@tempa=\box59
\@tempa=\box60
\@tempa=\box61
\@tempa=\box62
\@tempa=\box63
\@tempa=\box64
\@tempa=\box65
\@tempa=\box66
\@tempa=\box67
\@tempa=\box68
\@tempa=\box69
\@tempa=\box70
\@tempa=\box71
\@tempa=\box72
\@tempa=\box73
\@tempa=\box74
\@tempa=\box75
\@tempa=\box76
\@tempa=\box77
\@tempa=\box78
\@tempa=\box79
\@tempa=\box80
\@tempa=\box81
\@tempa=\box82
\@tempa=\box83
\@tempa=\box84
\@tempa=\box85
\@tempa=\box86
\@tempa=\box87
\@tempa=\box88
\@tempa=\box89
\@tempa=\box90
\@tempa=\box91
\c@minrows=\count275
\c@columnbadness=\count276
\c@finalcolumnbadness=\count277
\last@try=\dimen175
\multicolovershoot=\dimen176
\multicolundershoot=\dimen177
\mult@nat@firstbox=\box92
\colbreak@box=\box93
\mc@col@check@num=\count278
)
(/usr/local/texlive/2020/texmf-dist/tex/latex/footmisc/footmisc.sty
Package: footmisc 2011/06/06 v5.5b a miscellany of footnote facilities
\FN@temptoken=\toks38
\footnotemargin=\dimen178
\c@pp@next@reset=\count279
Package footmisc Info: Declaring symbol style bringhurst on input line 855.
Package footmisc Info: Declaring symbol style chicago on input line 863.
Package footmisc Info: Declaring symbol style wiley on input line 872.
Package footmisc Info: Declaring symbol style lamport-robust on input line 883.

Package footmisc Info: Declaring symbol style lamport* on input line 903.
Package footmisc Info: Declaring symbol style lamport*-robust on input line 924
.
)
(/usr/local/texlive/2020/texmf-dist/tex/latex/newtx/newtxtext.sty
Package: newtxtext 2020/03/02 v1.625

`newtxtext' v1.625, 2020/03/02 Text macros taking advantage of TeX-Gyre Termes 
fonts (msharpe)
(/usr/local/texlive/2020/texmf-dist/tex/latex/fontaxes/fontaxes.sty
Package: fontaxes 2014/03/23 v1.0d Font selection axes
LaTeX Info: Redefining \upshape on input line 29.
LaTeX Info: Redefining \itshape on input line 31.
LaTeX Info: Redefining \slshape on input line 33.
LaTeX Info: Redefining \swshape on input line 35.
LaTeX Info: Redefining \scshape on input line 37.
LaTeX Info: Redefining \sscshape on input line 39.
LaTeX Info: Redefining \ulcshape on input line 41.
LaTeX Info: Redefining \textsw on input line 47.
LaTeX Info: Redefining \textssc on input line 48.
LaTeX Info: Redefining \textulc on input line 49.
)
\ntx@fs=\dimen179

(/usr/local/texlive/2020/texmf-dist/tex/latex/xkeyval/xkeyval.sty
Package: xkeyval 2014/12/03 v2.7a package option processing (HA)

(/usr/local/texlive/2020/texmf-dist/tex/generic/xkeyval/xkeyval.tex
(/usr/local/texlive/2020/texmf-dist/tex/generic/xkeyval/xkvutils.tex
\XKV@toks=\toks39
\XKV@tempa@toks=\toks40
)
\XKV@depth=\count280
File: xkeyval.tex 2014/12/03 v2.7a key=value parser (HA)
))
(/usr/local/texlive/2020/texmf-dist/tex/latex/etoolbox/etoolbox.sty
Package: etoolbox 2019/09/21 v2.5h e-TeX tools for LaTeX (JAW)
\etb@tempcnta=\count281
)
(/usr/local/texlive/2020/texmf-dist/tex/latex/base/fontenc.sty
Package: fontenc 2020/02/11 v2.0o Standard LaTeX package
LaTeX Font Info:    Trying to load font information for T1+ntxtlf on input line
 112.

(/usr/local/texlive/2020/texmf-dist/tex/latex/newtx/t1ntxtlf.fd
File: t1ntxtlf.fd 2015/01/17 v1.0 font definition file for T1/ntx/tlf
)
LaTeX Font Info:    Font shape `T1/ntxtlf/m/n' will be
(Font)              scaled to size 10.0pt on input line 112.
)
(/usr/local/texlive/2020/texmf-dist/tex/latex/base/textcomp.sty
Package: textcomp 2020/02/02 v2.0n Standard LaTeX package
LaTeX Font Info:    Changing ? sub-encoding to TS1/0 on input line 75.
)
\ntxt@cntz=\count282
LaTeX Font Info:    Redeclaring math symbol \mathsterling on input line 263.
)
(/usr/local/texlive/2020/texmf-dist/tex/latex/newtx/newtxmath.sty
Package: newtxmath 2020/03/02 v1.625

`newtxmath' v1.625, 2020/03/02 Math macros based originally on txfonts (msharpe
) (/usr/local/texlive/2020/texmf-dist/tex/latex/amsmath/amsmath.sty
Package: amsmath 2020/01/20 v2.17e AMS math features
\@mathmargin=\skip62

For additional information on amsmath, use the `?' option.
(/usr/local/texlive/2020/texmf-dist/tex/latex/amsmath/amstext.sty
Package: amstext 2000/06/29 v2.01 AMS text

(/usr/local/texlive/2020/texmf-dist/tex/latex/amsmath/amsgen.sty
File: amsgen.sty 1999/11/30 v2.0 generic functions
\@emptytoks=\toks41
\ex@=\dimen180
))
(/usr/local/texlive/2020/texmf-dist/tex/latex/amsmath/amsbsy.sty
Package: amsbsy 1999/11/29 v1.2d Bold Symbols
\pmbraise@=\dimen181
)
(/usr/local/texlive/2020/texmf-dist/tex/latex/amsmath/amsopn.sty
Package: amsopn 2016/03/08 v2.02 operator names
)
\inf@bad=\count283
LaTeX Info: Redefining \frac on input line 227.
\uproot@=\count284
\leftroot@=\count285
LaTeX Info: Redefining \overline on input line 389.
\classnum@=\count286
\DOTSCASE@=\count287
LaTeX Info: Redefining \ldots on input line 486.
LaTeX Info: Redefining \dots on input line 489.
LaTeX Info: Redefining \cdots on input line 610.
\Mathstrutbox@=\box94
\strutbox@=\box95
\big@size=\dimen182
LaTeX Font Info:    Redeclaring font encoding OML on input line 733.
LaTeX Font Info:    Redeclaring font encoding OMS on input line 734.
\macc@depth=\count288
\c@MaxMatrixCols=\count289
\dotsspace@=\muskip16
\c@parentequation=\count290
\dspbrk@lvl=\count291
\tag@help=\toks42
\row@=\count292
\column@=\count293
\maxfields@=\count294
\andhelp@=\toks43
\eqnshift@=\dimen183
\alignsep@=\dimen184
\tagshift@=\dimen185
\tagwidth@=\dimen186
\totwidth@=\dimen187
\lineht@=\dimen188
\@envbody=\toks44
\multlinegap=\skip63
\multlinetaggap=\skip64
\mathdisplay@stack=\toks45
LaTeX Info: Redefining \[ on input line 2859.
LaTeX Info: Redefining \] on input line 2860.
)
(/usr/local/texlive/2020/texmf-dist/tex/generic/iftex/ifxetex.sty
Package: ifxetex 2019/10/25 v0.7 ifxetex legacy package. Use iftex instead.

(/usr/local/texlive/2020/texmf-dist/tex/generic/iftex/iftex.sty
Package: iftex 2020/03/06 v1.0d TeX engine tests
))
(/usr/local/texlive/2020/texmf-dist/tex/generic/iftex/ifluatex.sty
Package: ifluatex 2019/10/25 v1.5 ifluatex legacy package. Use iftex instead.
)
(/usr/local/texlive/2020/texmf-dist/tex/latex/oberdiek/centernot.sty
Package: centernot 2016/05/16 v1.4 Centers the not symbol horizontally (HO)
)
\tx@cntz=\count295

(/usr/local/texlive/2020/texmf-dist/tex/generic/kastrup/binhex.tex)
\tx@Isdigit=\count296
\tx@IsAlNum=\count297
\tx@tA=\toks46
\tx@tB=\toks47
\tx@su=\read2
LaTeX Font Info:    Redeclaring symbol font `operators' on input line 317.
LaTeX Font Info:    Overwriting symbol font `operators' in version `normal'
(Font)                  OT1/cmr/m/n --> OT1/ntxtlf/m/n on input line 317.
LaTeX Font Info:    Overwriting symbol font `operators' in version `bold'
(Font)                  OT1/cmr/bx/n --> OT1/ntxtlf/m/n on input line 317.
LaTeX Font Info:    Overwriting symbol font `operators' in version `bold'
(Font)                  OT1/ntxtlf/m/n --> OT1/ntxtlf/b/n on input line 318.
LaTeX Font Info:    Redeclaring math alphabet \mathsf on input line 326.
LaTeX Font Info:    Overwriting math alphabet `\mathsf' in version `normal'
(Font)                  OT1/cmss/m/n --> T1/qhv/m/n on input line 326.
LaTeX Font Info:    Overwriting math alphabet `\mathsf' in version `bold'
(Font)                  OT1/cmss/bx/n --> T1/qhv/m/n on input line 326.
LaTeX Font Info:    Redeclaring math alphabet \mathit on input line 327.
LaTeX Font Info:    Overwriting math alphabet `\mathit' in version `normal'
(Font)                  OT1/cmr/m/it --> OT1/ntxtlf/m/it on input line 327.
LaTeX Font Info:    Overwriting math alphabet `\mathit' in version `bold'
(Font)                  OT1/cmr/bx/it --> OT1/ntxtlf/m/it on input line 327.
LaTeX Font Info:    Redeclaring math alphabet \mathtt on input line 328.
LaTeX Font Info:    Overwriting math alphabet `\mathtt' in version `normal'
(Font)                  OT1/cmtt/m/n --> T1/ntxtt/m/n on input line 328.
LaTeX Font Info:    Overwriting math alphabet `\mathtt' in version `bold'
(Font)                  OT1/cmtt/m/n --> T1/ntxtt/m/n on input line 328.
LaTeX Font Info:    Redeclaring math alphabet \mathbf on input line 330.
LaTeX Font Info:    Overwriting math alphabet `\mathbf' in version `normal'
(Font)                  OT1/cmr/bx/n --> OT1/ntxtlf/b/n on input line 330.
LaTeX Font Info:    Overwriting math alphabet `\mathbf' in version `bold'
(Font)                  OT1/cmr/bx/n --> OT1/ntxtlf/b/n on input line 330.
LaTeX Font Info:    Overwriting math alphabet `\mathit' in version `bold'
(Font)                  OT1/ntxtlf/m/it --> OT1/ntxtlf/b/it on input line 331.
LaTeX Font Info:    Overwriting math alphabet `\mathsf' in version `bold'
(Font)                  T1/qhv/m/n --> T1/qhv/b/n on input line 332.
LaTeX Font Info:    Overwriting math alphabet `\mathtt' in version `bold'
(Font)                  T1/ntxtt/m/n --> T1/ntxtt/b/n on input line 333.
LaTeX Font Info:    Redeclaring symbol font `letters' on input line 422.
LaTeX Font Info:    Overwriting symbol font `letters' in version `normal'
(Font)                  OML/cmm/m/it --> OML/ntxmi/m/it on input line 422.
LaTeX Font Info:    Overwriting symbol font `letters' in version `bold'
(Font)                  OML/cmm/b/it --> OML/ntxmi/m/it on input line 422.
LaTeX Font Info:    Overwriting symbol font `letters' in version `bold'
(Font)                  OML/ntxmi/m/it --> OML/ntxmi/b/it on input line 423.
\symlettersA=\mathgroup4
LaTeX Font Info:    Overwriting symbol font `lettersA' in version `bold'
(Font)                  U/ntxmia/m/it --> U/ntxmia/b/it on input line 476.
Now handling font encoding LMS ...
... no UTF-8 mapping file for font encoding LMS
LaTeX Font Info:    Redeclaring symbol font `symbols' on input line 497.
LaTeX Font Info:    Encoding `OMS' has changed to `LMS' for symbol font
(Font)              `symbols' in the math version `normal' on input line 497.
LaTeX Font Info:    Overwriting symbol font `symbols' in version `normal'
(Font)                  OMS/cmsy/m/n --> LMS/ntxsy/m/n on input line 497.
LaTeX Font Info:    Encoding `OMS' has changed to `LMS' for symbol font
(Font)              `symbols' in the math version `bold' on input line 497.
LaTeX Font Info:    Overwriting symbol font `symbols' in version `bold'
(Font)                  OMS/cmsy/b/n --> LMS/ntxsy/m/n on input line 497.
LaTeX Font Info:    Overwriting symbol font `symbols' in version `bold'
(Font)                  LMS/ntxsy/m/n --> LMS/ntxsy/b/n on input line 498.
\symAMSm=\mathgroup5
LaTeX Font Info:    Overwriting symbol font `AMSm' in version `bold'
(Font)                  U/ntxsym/m/n --> U/ntxsym/b/n on input line 521.
\symsymbolsC=\mathgroup6
LaTeX Font Info:    Overwriting symbol font `symbolsC' in version `bold'
(Font)                  U/ntxsyc/m/n --> U/ntxsyc/b/n on input line 542.
Now handling font encoding LMX ...
... no UTF-8 mapping file for font encoding LMX
LaTeX Font Info:    Redeclaring symbol font `largesymbols' on input line 555.
LaTeX Font Info:    Encoding `OMX' has changed to `LMX' for symbol font
(Font)              `largesymbols' in the math version `normal' on input line 5
55.
LaTeX Font Info:    Overwriting symbol font `largesymbols' in version `normal'
(Font)                  OMX/cmex/m/n --> LMX/ntxexx/m/n on input line 555.
LaTeX Font Info:    Encoding `OMX' has changed to `LMX' for symbol font
(Font)              `largesymbols' in the math version `bold' on input line 555
.
LaTeX Font Info:    Overwriting symbol font `largesymbols' in version `bold'
(Font)                  OMX/cmex/m/n --> LMX/ntxexx/m/n on input line 555.
LaTeX Font Info:    Overwriting symbol font `largesymbols' in version `bold'
(Font)                  LMX/ntxexx/m/n --> LMX/ntxexx/b/n on input line 556.
\symlargesymbolsTXA=\mathgroup7
LaTeX Font Info:    Overwriting symbol font `largesymbolsTXA' in version `bold'

(Font)                  U/ntxexa/m/n --> U/ntxexa/b/n on input line 570.
\tx@sbptoks=\toks48
LaTeX Font Info:    Redeclaring math delimiter \lfloor on input line 792.
LaTeX Font Info:    Redeclaring math delimiter \rfloor on input line 793.
LaTeX Font Info:    Redeclaring math delimiter \lceil on input line 794.
LaTeX Font Info:    Redeclaring math delimiter \rceil on input line 795.
LaTeX Font Info:    Redeclaring math delimiter \lbrace on input line 796.
LaTeX Font Info:    Redeclaring math delimiter \rbrace on input line 797.
LaTeX Font Info:    Redeclaring math delimiter \langle on input line 798.
LaTeX Font Info:    Redeclaring math delimiter \rangle on input line 800.
LaTeX Font Info:    Redeclaring math delimiter \arrowvert on input line 804.
LaTeX Font Info:    Redeclaring math delimiter \vert on input line 805.
LaTeX Font Info:    Redeclaring math symbol \hbar on input line 851.
LaTeX Font Info:    Redeclaring math accent \dot on input line 876.
LaTeX Font Info:    Redeclaring math accent \ddot on input line 877.
LaTeX Font Info:    Redeclaring math accent \vec on input line 1940.
\ntx@numstart=\count298
\ntx@UCstart=\count299
\ntx@lcstart=\count300
\ntx@tmpc=\count301
\ntx@imath=\count302
\ntx@jmath=\count303
LaTeX Info: Redefining \Bbbk on input line 2449.
LaTeX Info: Redefining \not on input line 2598.
) (./url.sty
\Urlmuskip=\muskip17
Package: url 2013/09/16  ver 3.4  Verb mode for urls, etc.
) (/usr/local/texlive/2020/texmf-dist/tex/latex/enumitem/enumitem.sty
Package: enumitem 2019/06/20 v3.9 Customized lists
\labelindent=\skip65
\enit@outerparindent=\dimen189
\enit@toks=\toks49
\enit@inbox=\box96
\enit@count@id=\count304
\enitdp@description=\count305
)
(/usr/local/texlive/2020/texmf-dist/tex/generic/nth/nth.sty
Package: nth 2002/02/27
)
(/usr/local/texlive/2020/texmf-dist/tex/latex/tools/verbatim.sty
Package: verbatim 2019/11/10 v1.5r LaTeX2e package for verbatim enhancements
\every@verbatim=\toks50
\verbatim@line=\toks51
\verbatim@in@stream=\read3
)
(/usr/local/texlive/2020/texmf-dist/tex/latex/hyperref/hyperref.sty
Package: hyperref 2020/01/14 v7.00d Hypertext links for LaTeX

(/usr/local/texlive/2020/texmf-dist/tex/generic/ltxcmds/ltxcmds.sty
Package: ltxcmds 2019/12/15 v1.24 LaTeX kernel commands for general use (HO)
)
(/usr/local/texlive/2020/texmf-dist/tex/latex/pdftexcmds/pdftexcmds.sty
Package: pdftexcmds 2019/11/24 v0.31 Utility functions of pdfTeX for LuaTeX (HO
)

(/usr/local/texlive/2020/texmf-dist/tex/generic/infwarerr/infwarerr.sty
Package: infwarerr 2019/12/03 v1.5 Providing info/warning/error messages (HO)
)
Package pdftexcmds Info: \pdf@primitive is available.
Package pdftexcmds Info: \pdf@ifprimitive is available.
Package pdftexcmds Info: \pdfdraftmode found.
)
(/usr/local/texlive/2020/texmf-dist/tex/generic/kvsetkeys/kvsetkeys.sty
Package: kvsetkeys 2019/12/15 v1.18 Key value parser (HO)
)
(/usr/local/texlive/2020/texmf-dist/tex/generic/kvdefinekeys/kvdefinekeys.sty
Package: kvdefinekeys 2019-12-19 v1.6 Define keys (HO)
)
(/usr/local/texlive/2020/texmf-dist/tex/generic/pdfescape/pdfescape.sty
Package: pdfescape 2019/12/09 v1.15 Implements pdfTeX's escape features (HO)
)
(/usr/local/texlive/2020/texmf-dist/tex/latex/hycolor/hycolor.sty
Package: hycolor 2020-01-27 v1.10 Color options for hyperref/bookmark (HO)
)
(/usr/local/texlive/2020/texmf-dist/tex/latex/letltxmacro/letltxmacro.sty
Package: letltxmacro 2019/12/03 v1.6 Let assignment for LaTeX macros (HO)
)
(/usr/local/texlive/2020/texmf-dist/tex/latex/auxhook/auxhook.sty
Package: auxhook 2019-12-17 v1.6 Hooks for auxiliary files (HO)
)
(/usr/local/texlive/2020/texmf-dist/tex/latex/kvoptions/kvoptions.sty
Package: kvoptions 2019/11/29 v3.13 Key value format for package options (HO)
)
\@linkdim=\dimen190
\Hy@linkcounter=\count306
\Hy@pagecounter=\count307

(/usr/local/texlive/2020/texmf-dist/tex/latex/hyperref/pd1enc.def
File: pd1enc.def 2020/01/14 v7.00d Hyperref: PDFDocEncoding definition (HO)
Now handling font encoding PD1 ...
... no UTF-8 mapping file for font encoding PD1
)
(/usr/local/texlive/2020/texmf-dist/tex/generic/intcalc/intcalc.sty
Package: intcalc 2019/12/15 v1.3 Expandable calculations with integers (HO)
)
(/usr/local/texlive/2020/texmf-dist/tex/generic/etexcmds/etexcmds.sty
Package: etexcmds 2019/12/15 v1.7 Avoid name clashes with e-TeX commands (HO)
)
\Hy@SavedSpaceFactor=\count308
Package hyperref Info: Hyper figures OFF on input line 4547.
Package hyperref Info: Link nesting OFF on input line 4552.
Package hyperref Info: Hyper index ON on input line 4555.
Package hyperref Info: Plain pages OFF on input line 4562.
Package hyperref Info: Backreferencing OFF on input line 4567.
Package hyperref Info: Implicit mode ON; LaTeX internals redefined.
Package hyperref Info: Bookmarks ON on input line 4800.
\c@Hy@tempcnt=\count309
LaTeX Info: Redefining \url on input line 5159.
\XeTeXLinkMargin=\dimen191

(/usr/local/texlive/2020/texmf-dist/tex/generic/bitset/bitset.sty
Package: bitset 2019/12/09 v1.3 Handle bit-vector datatype (HO)

(/usr/local/texlive/2020/texmf-dist/tex/generic/bigintcalc/bigintcalc.sty
Package: bigintcalc 2019/12/15 v1.5 Expandable calculations on big integers (HO
)
))
\Fld@menulength=\count310
\Field@Width=\dimen192
\Fld@charsize=\dimen193
Package hyperref Info: Hyper figures OFF on input line 6430.
Package hyperref Info: Link nesting OFF on input line 6435.
Package hyperref Info: Hyper index ON on input line 6438.
Package hyperref Info: backreferencing OFF on input line 6445.
Package hyperref Info: Link coloring OFF on input line 6450.
Package hyperref Info: Link coloring with OCG OFF on input line 6455.
Package hyperref Info: PDF/A mode OFF on input line 6460.
LaTeX Info: Redefining \ref on input line 6500.
LaTeX Info: Redefining \pageref on input line 6504.

(/usr/local/texlive/2020/texmf-dist/tex/generic/atbegshi/atbegshi.sty
Package: atbegshi 2019/12/05 v1.19 At begin shipout hook (HO)
)
\Hy@abspage=\count311
\c@Item=\count312
\c@Hfootnote=\count313
)
Package hyperref Info: Driver (autodetected): hpdftex.

(/usr/local/texlive/2020/texmf-dist/tex/latex/hyperref/hpdftex.def
File: hpdftex.def 2020/01/14 v7.00d Hyperref driver for pdfTeX

(/usr/local/texlive/2020/texmf-dist/tex/latex/atveryend/atveryend.sty
Package: atveryend 2019-12-11 v1.11 Hooks at the very end of document (HO)
)
\Fld@listcount=\count314
\c@bookmark@seq@number=\count315

(/usr/local/texlive/2020/texmf-dist/tex/latex/rerunfilecheck/rerunfilecheck.sty
Package: rerunfilecheck 2019/12/05 v1.9 Rerun checks for auxiliary files (HO)

(/usr/local/texlive/2020/texmf-dist/tex/generic/uniquecounter/uniquecounter.sty
Package: uniquecounter 2019/12/15 v1.4 Provide unlimited unique counter (HO)
)
Package uniquecounter Info: New unique counter `rerunfilecheck' on input line 2
86.
)
\Hy@SectionHShift=\skip66
)
\@indexfile=\write4
\openout4 = `baseABModelCOVID-19Diffusion.idx'.


Writing index file baseABModelCOVID-19Diffusion.idx
(/usr/local/texlive/2020/texmf-dist/tex/latex/l3backend/l3backend-pdfmode.def
File: l3backend-pdfmode.def 2020-03-12 L3 backend support: PDF mode
\l__kernel_color_stack_int=\count316
\l__pdf_internal_box=\box97
)
(./baseABModelCOVID-19Diffusion.aux)
\openout1 = `baseABModelCOVID-19Diffusion.aux'.

LaTeX Font Info:    Checking defaults for OML/ntxmi/m/it on input line 48.
LaTeX Font Info:    Trying to load font information for OML+ntxmi on input line
 48.

(/usr/local/texlive/2020/texmf-dist/tex/latex/newtx/omlntxmi.fd
File: omlntxmi.fd 2015/08/25 Fontinst v1.933 font definitions for OML/ntxmi.
)
LaTeX Font Info:    ... okay on input line 48.
LaTeX Font Info:    Checking defaults for OMS/cmsy/m/n on input line 48.
LaTeX Font Info:    ... okay on input line 48.
LaTeX Font Info:    Checking defaults for OT1/cmr/m/n on input line 48.
LaTeX Font Info:    ... okay on input line 48.
LaTeX Font Info:    Checking defaults for T1/cmr/m/n on input line 48.
LaTeX Font Info:    ... okay on input line 48.
LaTeX Font Info:    Checking defaults for TS1/cmr/m/n on input line 48.
LaTeX Font Info:    ... okay on input line 48.
LaTeX Font Info:    Checking defaults for OMX/cmex/m/n on input line 48.
LaTeX Font Info:    ... okay on input line 48.
LaTeX Font Info:    Checking defaults for U/ntxexa/m/n on input line 48.
LaTeX Font Info:    Trying to load font information for U+ntxexa on input line 
48.

(/usr/local/texlive/2020/texmf-dist/tex/latex/newtx/untxexa.fd
File: untxexa.fd 2012/04/16 Fontinst v1.933 font definitions for U/ntxexa.
)
LaTeX Font Info:    ... okay on input line 48.
LaTeX Font Info:    Checking defaults for LMS/ntxsy/m/n on input line 48.
LaTeX Font Info:    Trying to load font information for LMS+ntxsy on input line
 48.

(/usr/local/texlive/2020/texmf-dist/tex/latex/newtx/lmsntxsy.fd
File: lmsntxsy.fd 2016/07/02 Fontinst v1.933 font definitions for LMS/ntxsy.
)
LaTeX Font Info:    ... okay on input line 48.
LaTeX Font Info:    Checking defaults for LMX/ntxexx/m/n on input line 48.
LaTeX Font Info:    Trying to load font information for LMX+ntxexx on input lin
e 48.

(/usr/local/texlive/2020/texmf-dist/tex/latex/newtx/lmxntxexx.fd
File: lmxntxexx.fd 2016/07/03 Fontinst v1.933 font definitions for LMX/ntxexx.
)
LaTeX Font Info:    ... okay on input line 48.
LaTeX Font Info:    Checking defaults for PD1/pdf/m/n on input line 48.
LaTeX Font Info:    ... okay on input line 48.

(/usr/local/texlive/2020/texmf-dist/tex/context/base/mkii/supp-pdf.mkii
[Loading MPS to PDF converter (version 2006.09.02).]
\scratchcounter=\count317
\scratchdimen=\dimen194
\scratchbox=\box98
\nofMPsegments=\count318
\nofMParguments=\count319
\everyMPshowfont=\toks52
\MPscratchCnt=\count320
\MPscratchDim=\dimen195
\MPnumerator=\count321
\makeMPintoPDFobject=\count322
\everyMPtoPDFconversion=\toks53
) (/usr/local/texlive/2020/texmf-dist/tex/latex/epstopdf-pkg/epstopdf-base.sty
Package: epstopdf-base 2020-01-24 v2.11 Base part for package epstopdf
Package epstopdf-base Info: Redefining graphics rule for `.eps' on input line 4
85.

(/usr/local/texlive/2020/texmf-dist/tex/latex/latexconfig/epstopdf-sys.cfg
File: epstopdf-sys.cfg 2010/07/13 v1.3 Configuration of (r)epstopdf for TeX Liv
e
))
\c@mv@tabular=\count323
\c@mv@boldtabular=\count324
\AtBeginShipoutBox=\box99
Package hyperref Info: Link coloring OFF on input line 48.

(/usr/local/texlive/2020/texmf-dist/tex/latex/hyperref/nameref.sty
Package: nameref 2019/09/16 v2.46 Cross-referencing by name of section

(/usr/local/texlive/2020/texmf-dist/tex/latex/refcount/refcount.sty
Package: refcount 2019/12/15 v3.6 Data extraction from label references (HO)
)
(/usr/local/texlive/2020/texmf-dist/tex/generic/gettitlestring/gettitlestring.s
ty
Package: gettitlestring 2019/12/15 v1.6 Cleanup title references (HO)
)
\c@section@level=\count325
)
LaTeX Info: Redefining \ref on input line 48.
LaTeX Info: Redefining \pageref on input line 48.
LaTeX Info: Redefining \nameref on input line 48.
 (./baseABModelCOVID-19Diffusion.out) (./baseABModelCOVID-19Diffusion.out)
\@outlinefile=\write5
\openout5 = `baseABModelCOVID-19Diffusion.out'.

LaTeX Font Info:    Font shape `T1/ntxtlf/m/n' will be
(Font)              scaled to size 14.0pt on input line 72.
LaTeX Font Info:    Font shape `T1/ntxtlf/b/n' will be
(Font)              scaled to size 14.0pt on input line 72.
LaTeX Font Info:    Font shape `T1/ntxtlf/b/n' will be
(Font)              scaled to size 16.0pt on input line 72.
LaTeX Font Info:    Trying to load font information for OT1+ntxtlf on input lin
e 72.

(/usr/local/texlive/2020/texmf-dist/tex/latex/newtx/ot1ntxtlf.fd
File: ot1ntxtlf.fd 2015/01/17 v1.0 font definition file for OT1/ntx/tlf
)
LaTeX Font Info:    Font shape `OT1/ntxtlf/m/n' will be
(Font)              scaled to size 10.0pt on input line 72.
LaTeX Font Info:    Font shape `OT1/ntxtlf/m/n' will be
(Font)              scaled to size 7.3pt on input line 72.
LaTeX Font Info:    Font shape `OT1/ntxtlf/m/n' will be
(Font)              scaled to size 5.5pt on input line 72.
LaTeX Font Info:    Trying to load font information for U+ntxmia on input line 
72.

(/usr/local/texlive/2020/texmf-dist/tex/latex/newtx/untxmia.fd
File: untxmia.fd 2018/04/14 Fontinst v1.933 font definitions for U/ntxmia.
)
LaTeX Font Info:    Trying to load font information for U+ntxsym on input line 
72.

(/usr/local/texlive/2020/texmf-dist/tex/latex/newtx/untxsym.fd
File: untxsym.fd 2015/03/20 Fontinst v1.933 font definitions for U/ntxsym.
)
LaTeX Font Info:    Trying to load font information for U+ntxsyc on input line 
72.

(/usr/local/texlive/2020/texmf-dist/tex/latex/newtx/untxsyc.fd
File: untxsyc.fd 2012/04/12 Fontinst v1.933 font definitions for U/ntxsyc.
)
LaTeX Font Info:    Font shape `T1/ntxtlf/m/n' will be
(Font)              scaled to size 8.5pt on input line 72.
LaTeX Font Info:    Calculating math sizes for size <8.5> on input line 72.
LaTeX Font Info:    Font shape `OT1/ntxtlf/m/n' will be
(Font)              scaled to size 8.5pt on input line 72.
LaTeX Font Info:    Font shape `OT1/ntxtlf/m/n' will be
(Font)              scaled to size 6.20496pt on input line 72.
LaTeX Font Info:    Font shape `OT1/ntxtlf/m/n' will be
(Font)              scaled to size 4.67502pt on input line 72.
LaTeX Font Info:    Trying to load font information for T1+ntxtt on input line 
72.

(/usr/local/texlive/2020/texmf-dist/tex/latex/newtx/t1ntxtt.fd
File: t1ntxtt.fd 2012/04/20 v3.1
)
LaTeX Font Info:    Font shape `T1/ntxtt/m/n' will be
(Font)              scaled to size 8.5pt on input line 72.


Package hyperref Warning: bookmark level for unknown title defaults to 0.


Package hyperref Warning: bookmark level for unknown author defaults to 0.

LaTeX Font Info:    Font shape `T1/ntxtlf/m/it' will be
(Font)              scaled to size 8.5pt on input line 72.
LaTeX Font Info:    Font shape `T1/ntxtlf/b/n' will be
(Font)              scaled to size 10.0pt on input line 79.
[1



{/usr/local/texlive/2020/texmf-var/fonts/map/pdftex/updmap/pdftex.map}]
LaTeX Font Info:    Font shape `T1/ntxtlf/m/n' will be
(Font)              scaled to size 12.0pt on input line 83.
LaTeX Font Info:    Font shape `T1/ntxtlf/b/n' will be
(Font)              scaled to size 12.0pt on input line 83.
LaTeX Font Info:    Font shape `T1/ntxtlf/m/n' will be
(Font)              scaled to size 11.0pt on input line 93.
LaTeX Font Info:    Font shape `T1/ntxtlf/b/n' will be
(Font)              scaled to size 11.0pt on input line 93.

[2]
LaTeX Font Info:    Trying to load font information for TS1+ntxtlf on input lin
e 130.
 (/usr/local/texlive/2020/texmf-dist/tex/latex/newtx/ts1ntxtlf.fd
File: ts1ntxtlf.fd 2015/01/18 v1.0 fd file for TS1/ntxtlf
)
LaTeX Font Info:    Font shape `TS1/ntxtlf/m/n' will be
(Font)              scaled to size 10.0pt on input line 130.
LaTeX Font Info:    Trying to load font information for T1+ntxsups on input lin
e 130.

(/usr/local/texlive/2020/texmf-dist/tex/latex/newtx/t1ntxsups.fd
File: t1ntxsups.fd 2015/01/17 v1.0
)
LaTeX Font Info:    Font shape `T1/ntxsups/m/n' will be
(Font)              scaled to size 10.0pt on input line 130.
LaTeX Font Info:    Font shape `T1/ntxsups/m/n' will be
(Font)              scaled to size 8.5pt on input line 130.
LaTeX Font Info:    Font shape `T1/ntxtlf/m/it' will be
(Font)              scaled to size 10.0pt on input line 137.
 [3] [4]
<SIsaR_outline.png, id=277, 2569.6pt x 1515.6625pt>
File: SIsaR_outline.png Graphic file (type png)
<use SIsaR_outline.png>
Package pdftex.def Info: SIsaR_outline.png  used on input line 190.
(pdftex.def)             Requested size: 332.89723pt x 196.34923pt.
LaTeX Font Info:    Font shape `T1/ntxtlf/b/n' will be
(Font)              scaled to size 8.5pt on input line 191.
LaTeX Font Info:    Font shape `T1/ntxtt/m/n' will be
(Font)              scaled to size 10.0pt on input line 209.

[5] [6 <./SIsaR_outline.png>]
Overfull \hbox (13.34186pt too wide) in paragraph at lines 258--263
[][][]\T1/ntxtt/m/n/10 %PeopleNotFragileNotSymptomaticLeavingHome []\T1/ntxtlf/
m/n/10 ([][]\T1/ntxtt/m/n/10 %PeopleNot[]\T1/ntxtlf/m/n/10 ) de-ter-mines,
 []

[7]
LaTeX Font Info:    Font shape `T1/ntxtlf/m/n' will be
(Font)              scaled to size 7.3pt on input line 319.
 [8] [9]
<withShort1.png, id=365, 986.68625pt x 552.0625pt>
File: withShort1.png Graphic file (type png)
<use withShort1.png>
Package pdftex.def Info: withShort1.png  used on input line 388.
(pdftex.def)             Requested size: 157.87302pt x 88.3318pt.
<withShort1A.png, id=366, 972.63374pt x 552.0625pt>
File: withShort1A.png Graphic file (type png)
<use withShort1A.png>
Package pdftex.def Info: withShort1A.png  used on input line 388.
(pdftex.def)             Requested size: 155.62457pt x 88.3318pt.
<withShort1A200.png, id=367, 972.63374pt x 552.0625pt>
File: withShort1A200.png Graphic file (type png)
<use withShort1A200.png>
Package pdftex.def Info: withShort1A200.png  used on input line 391.
(pdftex.def)             Requested size: 155.62457pt x 88.3318pt.
<withShort1B.png, id=368, 977.6525pt x 552.0625pt>
File: withShort1B.png Graphic file (type png)
<use withShort1B.png>
Package pdftex.def Info: withShort1B.png  used on input line 391.
(pdftex.def)             Requested size: 156.4276pt x 88.3318pt.
 [10] [11 <./withShort1.png> <./withShort1A.png> <./withShort1A200.png> <./with
Short1B.png>] [12] [13] [14]
<startingCase.png, id=456, 977.6525pt x 552.0625pt>
File: startingCase.png Graphic file (type png)
<use startingCase.png>
Package pdftex.def Info: startingCase.png  used on input line 559.
(pdftex.def)             Requested size: 293.298pt x 165.62003pt.
 [15 <./startingCase.png>]

LaTeX Warning: Reference `quotaTable1' on page 16 undefined on input line 625.


LaTeX Warning: Reference `quotaTable2' on page 16 undefined on input line 651.

[16] [17]
<andamento900annotato.jpg, id=494, 1043.9pt x 642.4pt>
File: andamento900annotato.jpg Graphic file (type jpg)
<use andamento900annotato.jpg>
Package pdftex.def Info: andamento900annotato.jpg  used on input line 702.
(pdftex.def)             Requested size: 313.17241pt x 192.72148pt.
<andamento900.jpg, id=496, 939.51pt x 578.16pt>
File: andamento900.jpg Graphic file (type jpg)
<use andamento900.jpg>
Package pdftex.def Info: andamento900.jpg  used on input line 715.
(pdftex.def)             Requested size: 281.85518pt x 173.44933pt.
 [18 <./andamento900annotato.jpg>]
<ExperimentForGA_I_base.png, id=506, 982.67125pt x 552.0625pt>
File: ExperimentForGA_I_base.png Graphic file (type png)
<use ExperimentForGA_I_base.png>
Package pdftex.def Info: ExperimentForGA_I_base.png  used on input line 738.
(pdftex.def)             Requested size: 294.80365pt x 165.62003pt.
<Experiment_I_plainVaccinationSequence.png, id=510, 719.68875pt x 497.86pt>
File: Experiment_I_plainVaccinationSequence.png Graphic file (type png)
<use Experiment_I_plainVaccinationSequence.png>
Package pdftex.def Info: Experiment_I_plainVaccinationSequence.png  used on inp
ut line 756.
(pdftex.def)             Requested size: 323.85695pt x 224.03493pt.
<Experiment_I_wiseVaccinationSequence.png, id=514, 719.68875pt x 497.86pt>
File: Experiment_I_wiseVaccinationSequence.png Graphic file (type png)
<use Experiment_I_wiseVaccinationSequence.png>
Package pdftex.def Info: Experiment_I_wiseVaccinationSequence.png  used on inpu
t line 767.
(pdftex.def)             Requested size: 323.85695pt x 224.03493pt.
<ExperimentForGA_I_base>413.png, id=515, 982.67125pt x 552.0625pt>
File: ExperimentForGA_I_base>413.png Graphic file (type png)
<use ExperimentForGA_I_base>413.png>
Package pdftex.def Info: ExperimentForGA_I_base>413.png  used on input line 782
.
(pdftex.def)             Requested size: 294.80365pt x 165.62003pt.
 [19 <./andamento900.jpg>]
<ExperimentForGA_I_1>413.png, id=526, 972.63374pt x 552.0625pt>
File: ExperimentForGA_I_1>413.png Graphic file (type png)
<use ExperimentForGA_I_1>413.png>
Package pdftex.def Info: ExperimentForGA_I_1>413.png  used on input line 795.
(pdftex.def)             Requested size: 291.79237pt x 165.62003pt.
<ExperimentForGA_I_2_1>413.png, id=527, 982.67125pt x 552.0625pt>
File: ExperimentForGA_I_2_1>413.png Graphic file (type png)
<use ExperimentForGA_I_2_1>413.png>
Package pdftex.def Info: ExperimentForGA_I_2_1>413.png  used on input line 805.

(pdftex.def)             Requested size: 294.80365pt x 165.62003pt.
<ExperimentForGA_I_0>413.png, id=528, 972.63374pt x 552.0625pt>
File: ExperimentForGA_I_0>413.png Graphic file (type png)
<use ExperimentForGA_I_0>413.png>
Package pdftex.def Info: ExperimentForGA_I_0>413.png  used on input line 818.
(pdftex.def)             Requested size: 291.79237pt x 165.62003pt.
 [20 <./ExperimentForGA_I_base.png> <./Experiment_I_plainVaccinationSequence.pn
g>]
<ExperimentForGA_I_2_0>413.png, id=536, 972.63374pt x 552.0625pt>
File: ExperimentForGA_I_2_0>413.png Graphic file (type png)
<use ExperimentForGA_I_2_0>413.png>
Package pdftex.def Info: ExperimentForGA_I_2_0>413.png  used on input line 827.

(pdftex.def)             Requested size: 291.79237pt x 165.62003pt.
<ExperimentForGA_I_05>413.png, id=537, 972.63374pt x 552.0625pt>
File: ExperimentForGA_I_05>413.png Graphic file (type png)
<use ExperimentForGA_I_05>413.png>
Package pdftex.def Info: ExperimentForGA_I_05>413.png  used on input line 839.
(pdftex.def)             Requested size: 291.79237pt x 165.62003pt.
<ExperimentForGA_I_2_05>413.png, id=538, 982.67125pt x 552.0625pt>
File: ExperimentForGA_I_2_05>413.png Graphic file (type png)
<use ExperimentForGA_I_2_05>413.png>
Package pdftex.def Info: ExperimentForGA_I_2_05>413.png  used on input line 848
.
(pdftex.def)             Requested size: 294.80365pt x 165.62003pt.
LaTeX Font Info:    Font shape `T1/ntxtlf/m/n' will be
(Font)              scaled to size 6.20496pt on input line 870.
<ExperimentForGA_I_1>413bestGA.png, id=539, 972.63374pt x 558.085pt>
File: ExperimentForGA_I_1>413bestGA.png Graphic file (type png)
<use ExperimentForGA_I_1>413bestGA.png>
Package pdftex.def Info: ExperimentForGA_I_1>413bestGA.png  used on input line 
880.
(pdftex.def)             Requested size: 291.79237pt x 167.42679pt.
<Experiment_I_GA_1_VaccinationSequence.png, id=543, 719.68875pt x 497.86pt>
File: Experiment_I_GA_1_VaccinationSequence.png Graphic file (type png)
<use Experiment_I_GA_1_VaccinationSequence.png>
Package pdftex.def Info: Experiment_I_GA_1_VaccinationSequence.png  used on inp
ut line 909.
(pdftex.def)             Requested size: 323.85695pt x 224.03493pt.

Overfull \vbox (90.8878pt too high) has occurred while \output is active []


[21 <./Experiment_I_wiseVaccinationSequence.png> <./ExperimentForGA_I_base>413.
png>]
<ExperimentForGA_I_0>413bestGA.png, id=558, 988.69376pt x 552.0625pt>
File: ExperimentForGA_I_0>413bestGA.png Graphic file (type png)
<use ExperimentForGA_I_0>413bestGA.png>
Package pdftex.def Info: ExperimentForGA_I_0>413bestGA.png  used on input line 
927.
(pdftex.def)             Requested size: 296.61041pt x 165.62003pt.
<Experiment_I_GA_0_VaccinationSequence.png, id=562, 719.68875pt x 497.86pt>
File: Experiment_I_GA_0_VaccinationSequence.png Graphic file (type png)
<use Experiment_I_GA_0_VaccinationSequence.png>
Package pdftex.def Info: Experiment_I_GA_0_VaccinationSequence.png  used on inp
ut line 957.
(pdftex.def)             Requested size: 323.85695pt x 224.03493pt.
 [22 <./ExperimentForGA_I_1>413.png> <./ExperimentForGA_I_2_1>413.png>]
<ExperimentForGA_I_05>413bestGA.png, id=575, 972.63374pt x 552.0625pt>
File: ExperimentForGA_I_05>413bestGA.png Graphic file (type png)
<use ExperimentForGA_I_05>413bestGA.png>
Package pdftex.def Info: ExperimentForGA_I_05>413bestGA.png  used on input line
 972.
(pdftex.def)             Requested size: 291.79237pt x 165.62003pt.
<Experiment_I_GA_05_VaccinationSequence.png, id=579, 719.68875pt x 497.86pt>
File: Experiment_I_GA_05_VaccinationSequence.png Graphic file (type png)
<use Experiment_I_GA_05_VaccinationSequence.png>
Package pdftex.def Info: Experiment_I_GA_05_VaccinationSequence.png  used on in
put line 1002.
(pdftex.def)             Requested size: 323.85695pt x 224.03493pt.

[23 <./ExperimentForGA_I_0>413.png> <./ExperimentForGA_I_2_0>413.png>] [24 <./E
xperimentForGA_I_05>413.png> <./ExperimentForGA_I_2_05>413.png>] [25 <./Experim
entForGA_I_1>413bestGA.png>]
Overfull \hbox (96.87631pt too wide) in paragraph at lines 1020--1021
[]\T1/ntxtlf/m/n/10 EXPERIMENTS II - IV NOT RE-PORTED HERE, SEE []https://terna
.to.it/simul/GAresultPresentation.pdf[]. 
 []

LaTeX Font Info:    Font shape `T1/ntxtlf/m/n' will be
(Font)              scaled to size 7.0pt on input line 1030.
LaTeX Font Info:    Font shape `T1/ntxtlf/b/n' will be
(Font)              scaled to size 7.0pt on input line 1039.
[26 <./Experiment_I_GA_1_VaccinationSequence.png> <./ExperimentForGA_I_0>413bes
tGA.png>] [27 <./Experiment_I_GA_0_VaccinationSequence.png>] [28 <./ExperimentF
orGA_I_05>413bestGA.png>] [29 <./Experiment_I_GA_05_VaccinationSequence.png>]
Overfull \hbox (200.40125pt too wide) in paragraph at lines 1103--1104
[]\T1/ntxtlf/m/n/10 refer to []$\T1/ntxtt/m/n/10 https : / / www . quantamagazi
ne . org / how-[]to-[]assess-[]risks-[]during-[]the-[]coronavirus-[]pandemic-[]
20200925 /
 []

[30]
<no3a.png, id=671, 982.67125pt x 552.0625pt>
File: no3a.png Graphic file (type png)
<use no3a.png>
Package pdftex.def Info: no3a.png  used on input line 1206.
(pdftex.def)             Requested size: 233.02704pt x 130.91403pt.
<no3b.png, id=672, 972.63374pt x 552.0625pt>
File: no3b.png Graphic file (type png)
<use no3b.png>
Package pdftex.def Info: no3b.png  used on input line 1214.
(pdftex.def)             Requested size: 233.02704pt x 132.26183pt.
 [31]
<no4a.png, id=686, 982.67125pt x 552.0625pt>
File: no4a.png Graphic file (type png)
<use no4a.png>
Package pdftex.def Info: no4a.png  used on input line 1229.
(pdftex.def)             Requested size: 233.02704pt x 130.91403pt.
<no4b.png, id=687, 972.63374pt x 552.0625pt>
File: no4b.png Graphic file (type png)
<use no4b.png>
Package pdftex.def Info: no4b.png  used on input line 1238.
(pdftex.def)             Requested size: 233.02704pt x 132.26183pt.
 [32 <./no3a.png> <./no3b.png>]
<no5a.png, id=700, 982.67125pt x 552.0625pt>
File: no5a.png Graphic file (type png)
<use no5a.png>
Package pdftex.def Info: no5a.png  used on input line 1256.
(pdftex.def)             Requested size: 233.02704pt x 130.91403pt.
<no5b.png, id=701, 972.63374pt x 552.0625pt>
File: no5b.png Graphic file (type png)
<use no5b.png>
Package pdftex.def Info: no5b.png  used on input line 1264.
(pdftex.def)             Requested size: 233.02704pt x 132.26183pt.


LaTeX Warning: Reference `AppCalendar' on page 33 undefined on input line 1274.


[33 <./no4a.png> <./no4b.png>]
<with6a.png, id=720, 971.63pt x 552.0625pt>
File: with6a.png Graphic file (type png)
<use with6a.png>
Package pdftex.def Info: with6a.png  used on input line 1285.
(pdftex.def)             Requested size: 233.02704pt x 132.3966pt.
<with6b.png, id=721, 972.63374pt x 552.0625pt>
File: with6b.png Graphic file (type png)
<use with6b.png>
Package pdftex.def Info: with6b.png  used on input line 1293.
(pdftex.def)             Requested size: 233.02704pt x 132.26183pt.
<with7a.png, id=722, 982.67125pt x 552.0625pt>
File: with7a.png Graphic file (type png)
<use with7a.png>
Package pdftex.def Info: with7a.png  used on input line 1308.
(pdftex.def)             Requested size: 233.02704pt x 130.91403pt.
<with7b.png, id=723, 972.63374pt x 552.0625pt>
File: with7b.png Graphic file (type png)
<use with7b.png>
Package pdftex.def Info: with7b.png  used on input line 1316.
(pdftex.def)             Requested size: 233.02704pt x 132.26183pt.
 [34 <./no5a.png> <./no5b.png>]
<with8a.png, id=732, 984.67876pt x 552.0625pt>
File: with8a.png Graphic file (type png)
<use with8a.png>
Package pdftex.def Info: with8a.png  used on input line 1332.
(pdftex.def)             Requested size: 233.02704pt x 130.64447pt.
<with8b.png, id=733, 972.63374pt x 552.0625pt>
File: with8b.png Graphic file (type png)
<use with8b.png>
Package pdftex.def Info: with8b.png  used on input line 1340.
(pdftex.def)             Requested size: 233.02704pt x 132.26183pt.
<withShort0.png, id=739, 961.5925pt x 552.0625pt>
File: withShort0.png Graphic file (type png)
<use withShort0.png>
Package pdftex.def Info: withShort0.png  used on input line 1362.
(pdftex.def)             Requested size: 233.02704pt x 133.7781pt.
 [35 <./with6a.png> <./with6b.png>]
Overfull \hbox (100.44406pt too wide) in paragraph at lines 1377--1377
[] [][][]$\T1/ntxtt/m/n/8.5 https : / / rs-[]delve . github . io / reports / 20
20 / 08 / 14 / economic-[]aspects-[]of-[]the-[]covid19-[]crisis-[]in-[]the-[]uk
 .
 []

[36 <./with7a.png> <./with7b.png>] [37 <./with8a.png> <./with8b.png>]
File: withShort1.png Graphic file (type png)
<use withShort1.png>
Package pdftex.def Info: withShort1.png  used on input line 1395.
(pdftex.def)             Requested size: 233.02704pt x 130.37491pt.
 [38 <./withShort0.png>]
File: withShort1A.png Graphic file (type png)
<use withShort1A.png>
Package pdftex.def Info: withShort1A.png  used on input line 1406.
(pdftex.def)             Requested size: 233.02704pt x 132.26183pt.
File: withShort1A200.png Graphic file (type png)
<use withShort1A200.png>
Package pdftex.def Info: withShort1A200.png  used on input line 1414.
(pdftex.def)             Requested size: 233.02704pt x 132.26183pt.
File: withShort1B.png Graphic file (type png)
<use withShort1B.png>
Package pdftex.def Info: withShort1B.png  used on input line 1424.
(pdftex.def)             Requested size: 233.02704pt x 131.57951pt.
 [39]
<withShort2.png, id=794, 961.5925pt x 555.07375pt>
File: withShort2.png Graphic file (type png)
<use withShort2.png>
Package pdftex.def Info: withShort2.png  used on input line 1439.
(pdftex.def)             Requested size: 233.02704pt x 134.50781pt.
 [40 <./withShort2.png>]
<HM30_readRunResults1k_noControl_plusHMlog.png, id=807, 506.89375pt x 302.12875
pt>
File: HM30_readRunResults1k_noControl_plusHMlog.png Graphic file (type png)
<use HM30_readRunResults1k_noControl_plusHMlog.png>
Package pdftex.def Info: HM30_readRunResults1k_noControl_plusHMlog.png  used on
 input line 1493.
(pdftex.def)             Requested size: 233.02704pt x 138.89331pt.
 [41]
<HM30_readRunResults1k_withControl_plusHMlog.png, id=821, 506.89375pt x 314.173
75pt>
File: HM30_readRunResults1k_withControl_plusHMlog.png Graphic file (type png)
<use HM30_readRunResults1k_withControl_plusHMlog.png>
Package pdftex.def Info: HM30_readRunResults1k_withControl_plusHMlog.png  used 
on input line 1536.
(pdftex.def)             Requested size: 233.02704pt x 144.43059pt.
<HM30_readRunResults1k_basicControl_schoolOpenSept_plusHMlog.png, id=824, 506.8
9375pt x 314.17375pt>
File: HM30_readRunResults1k_basicControl_schoolOpenSept_plusHMlog.png Graphic f
ile (type png)
<use HM30_readRunResults1k_basicControl_schoolOpenSept_plusHMlog.png>
Package pdftex.def Info: HM30_readRunResults1k_basicControl_schoolOpenSept_plus
HMlog.png  used on input line 1577.
(pdftex.def)             Requested size: 233.02704pt x 144.43059pt.
 [42 <./HM30_readRunResults1k_noControl_plusHMlog.png>]
<HM30_readRunResults1k_with_sFW_at20_plusHMlog.png, id=836, 506.89375pt x 325.2
15pt>
File: HM30_readRunResults1k_with_sFW_at20_plusHMlog.png Graphic file (type png)

<use HM30_readRunResults1k_with_sFW_at20_plusHMlog.png>
Package pdftex.def Info: HM30_readRunResults1k_with_sFW_at20_plusHMlog.png  use
d on input line 1618.
(pdftex.def)             Requested size: 266.31879pt x 170.86945pt.
 [43 <./HM30_readRunResults1k_withControl_plusHMlog.png>]
<HM30_readRunResults1k_with_NH_OP_BZ_at20_plusHMlog.png, id=847, 506.89375pt x 
325.215pt>
File: HM30_readRunResults1k_with_NH_OP_BZ_at20_plusHMlog.png Graphic file (type
 png)
<use HM30_readRunResults1k_with_NH_OP_BZ_at20_plusHMlog.png>
Package pdftex.def Info: HM30_readRunResults1k_with_NH_OP_BZ_at20_plusHMlog.png
  used on input line 1660.
(pdftex.def)             Requested size: 266.31879pt x 170.86945pt.
 [44 <./HM30_readRunResults1k_basicControl_schoolOpenSept_plusHMlog.png>]
<HM30_readRunResults1k_with_Frag_at20_plusHMlog.png, id=855, 506.89375pt x 325.
215pt>
File: HM30_readRunResults1k_with_Frag_at20_plusHMlog.png Graphic file (type png
)
<use HM30_readRunResults1k_with_Frag_at20_plusHMlog.png>
Package pdftex.def Info: HM30_readRunResults1k_with_Frag_at20_plusHMlog.png  us
ed on input line 1701.
(pdftex.def)             Requested size: 266.31879pt x 170.86945pt.

[45 <./HM30_readRunResults1k_with_sFW_at20_plusHMlog.png>]
<HM30_readRunResults1k_with_NoAllFrag_at20_plusHMlog.png, id=867, 506.89375pt x
 325.215pt>
File: HM30_readRunResults1k_with_NoAllFrag_at20_plusHMlog.png Graphic file (typ
e png)
<use HM30_readRunResults1k_with_NoAllFrag_at20_plusHMlog.png>
Package pdftex.def Info: HM30_readRunResults1k_with_NoAllFrag_at20_plusHMlog.pn
g  used on input line 1743.
(pdftex.def)             Requested size: 266.31879pt x 170.86945pt.
 [46 <./HM30_readRunResults1k_with_NH_OP_BZ_at20_plusHMlog.png>]
<HM30_readRunResults1k_with_NoAllFrag_openFacs_at20_plusHMlog.png, id=877, 506.
89375pt x 325.215pt>
File: HM30_readRunResults1k_with_NoAllFrag_openFacs_at20_plusHMlog.png Graphic 
file (type png)
<use HM30_readRunResults1k_with_NoAllFrag_openFacs_at20_plusHMlog.png>
Package pdftex.def Info: HM30_readRunResults1k_with_NoAllFrag_openFacs_at20_plu
sHMlog.png  used on input line 1783.
(pdftex.def)             Requested size: 266.31879pt x 170.86945pt.


LaTeX Warning: `h' float specifier changed to `ht'.

[47 <./HM30_readRunResults1k_with_Frag_at20_plusHMlog.png>]
<HM30_readRunResults1k_with_NoAllFrag_openFacs_at20_openSchoolSep_plusHMlog.png
, id=887, 506.89375pt x 325.215pt>
File: HM30_readRunResults1k_with_NoAllFrag_openFacs_at20_openSchoolSep_plusHMlo
g.png Graphic file (type png)
<use HM30_readRunResults1k_with_NoAllFrag_openFacs_at20_openSchoolSep_plusHMlog
.png>
Package pdftex.def Info: HM30_readRunResults1k_with_NoAllFrag_openFacs_at20_ope
nSchoolSep_plusHMlog.png  used on input line 1823.
(pdftex.def)             Requested size: 266.31879pt x 170.86945pt.
 [48 <./HM30_readRunResults1k_with_NoAllFrag_at20_plusHMlog.png>] [49 <./HM30_r
eadRunResults1k_with_NoAllFrag_openFacs_at20_plusHMlog.png>] [50 <./HM30_readRu
nResults1k_with_NoAllFrag_openFacs_at20_openSchoolSep_plusHMlog.png>] [51]
(./baseABModelCOVID-19Diffusion.bbl)
\tf@thm=\write6
\openout6 = `baseABModelCOVID-19Diffusion.thm'.

Package atveryend Info: Empty hook `BeforeClearDocument' on input line 1925.
 [52]
Package atveryend Info: Empty hook `AfterLastShipout' on input line 1925.
 (./baseABModelCOVID-19Diffusion.aux)
Package atveryend Info: Executing hook `AtVeryEndDocument' on input line 1925.
Package atveryend Info: Executing hook `AtEndAfterFileList' on input line 1925.

Package rerunfilecheck Info: File `baseABModelCOVID-19Diffusion.out' has not ch
anged.
(rerunfilecheck)             Checksum: 563CBDC9860D9F642CB0BFD3F2E3DF2B;5031.


LaTeX Warning: There were undefined references.

 ) 
Here is how much of TeX's memory you used:
 11975 strings out of 480608
 172799 string characters out of 5903631
 473937 words of memory out of 5000000
 27328 multiletter control sequences out of 15000+600000
 609879 words of font info for 105 fonts, out of 8000000 for 9000
 1141 hyphenation exceptions out of 8191
 38i,14n,43p,1232b,554s stack positions out of 5000i,500n,10000p,200000b,80000s
{/usr/local/texlive/2020/texmf-dist/fonts/enc/dvips/newtx/ntx-ot1-tlf.enc}{/u
sr/local/texlive/2020/texmf-dist/fonts/enc/dvips/newtx/ntxsups_t1.enc}{/usr/loc
al/texlive/2020/texmf-dist/fonts/enc/dvips/tex-gyre/q-ts1.enc}{/usr/local/texli
ve/2020/texmf-dist/fonts/enc/dvips/newtx/ntx-ec-tlf.enc}</usr/local/texlive/202
0/texmf-dist/fonts/type1/public/newtx/NewTXMI.pfb></usr/local/texlive/2020/texm
f-dist/fonts/type1/public/newtx/NewTXMI7.pfb></usr/local/texlive/2020/texmf-dis
t/fonts/type1/public/newtx/ntxsups-Regular.pfb></usr/local/texlive/2020/texmf-d
ist/fonts/type1/public/tex-gyre/qtmr.pfb></usr/local/texlive/2020/texmf-dist/fo
nts/type1/public/txfonts/t1xtt.pfb></usr/local/texlive/2020/texmf-dist/fonts/ty
pe1/public/newtx/txmiaX.pfb></usr/local/texlive/2020/texmf-dist/fonts/type1/pub
lic/newtx/ztmb.pfb></usr/local/texlive/2020/texmf-dist/fonts/type1/public/newtx
/ztmr.pfb></usr/local/texlive/2020/texmf-dist/fonts/type1/public/newtx/ztmri.pf
b>
Output written on baseABModelCOVID-19Diffusion.pdf (52 pages, 1987890 bytes).
PDF statistics:
 1042 PDF objects out of 1200 (max. 8388607)
 874 compressed objects within 9 object streams
 258 named destinations out of 1000 (max. 500000)
 652 words of extra memory for PDF output out of 10000 (max. 10000000)

